[      -1ms] [LOG] this is a embed for %s fqeYXZK2aPQ @ https://web-static.archive.org/_static/js/bundle-video.js?v=ErsAmzgF:1
[     995ms] [LOG] this is a embed for %s fqeYXZK2aPQ @ https://web-static.archive.org/_static/js/bundle-video.js?v=ErsAmzgF:1
[    1996ms] [LOG] this is a embed for %s fqeYXZK2aPQ @ https://web-static.archive.org/_static/js/bundle-video.js?v=ErsAmzgF:1
[    2997ms] [LOG] this is a embed for %s fqeYXZK2aPQ @ https://web-static.archive.org/_static/js/bundle-video.js?v=ErsAmzgF:1
[    3998ms] [LOG] this is a embed for %s fqeYXZK2aPQ @ https://web-static.archive.org/_static/js/bundle-video.js?v=ErsAmzgF:1
[    4999ms] [LOG] this is a embed for %s fqeYXZK2aPQ @ https://web-static.archive.org/_static/js/bundle-video.js?v=ErsAmzgF:1
[    5006ms] [ERROR] Failed to load resource: the server responded with a status of 429 () @ https://web.archive.org/save/_embed/https://www.m3allem.ma/images/slides/slide4.jpg?1730545595397:0
[    6000ms] [LOG] this is a embed for %s fqeYXZK2aPQ @ https://web-static.archive.org/_static/js/bundle-video.js?v=ErsAmzgF:1
[    7001ms] [LOG] this is a embed for %s fqeYXZK2aPQ @ https://web-static.archive.org/_static/js/bundle-video.js?v=ErsAmzgF:1
[    7677ms] [ERROR] Failed to load resource: the server responded with a status of 429 () @ https://web.archive.org/save/_embed/https://www.m3allem.ma/images/slides/slide4.jpg?1730545595397:0
[    8002ms] [LOG] this is a embed for %s fqeYXZK2aPQ @ https://web-static.archive.org/_static/js/bundle-video.js?v=ErsAmzgF:1
[    9003ms] [LOG] this is a embed for %s fqeYXZK2aPQ @ https://web-static.archive.org/_static/js/bundle-video.js?v=ErsAmzgF:1
[    9995ms] [LOG] this is a embed for %s fqeYXZK2aPQ @ https://web-static.archive.org/_static/js/bundle-video.js?v=ErsAmzgF:1
[   10997ms] [LOG] this is a embed for %s fqeYXZK2aPQ @ https://web-static.archive.org/_static/js/bundle-video.js?v=ErsAmzgF:1
[   11354ms] [ERROR] Failed to load resource: the server responded with a status of 429 () @ https://web.archive.org/save/_embed/https://www.m3allem.ma/images/slides/slide4.jpg?1730545595397:0
[   11998ms] [LOG] this is a embed for %s fqeYXZK2aPQ @ https://web-static.archive.org/_static/js/bundle-video.js?v=ErsAmzgF:1
[   12997ms] [LOG] this is a embed for %s fqeYXZK2aPQ @ https://web-static.archive.org/_static/js/bundle-video.js?v=ErsAmzgF:1
[   13995ms] [LOG] this is a embed for %s fqeYXZK2aPQ @ https://web-static.archive.org/_static/js/bundle-video.js?v=ErsAmzgF:1
[   14997ms] [LOG] this is a embed for %s fqeYXZK2aPQ @ https://web-static.archive.org/_static/js/bundle-video.js?v=ErsAmzgF:1
[   15399ms] [WARNING] The resource https://web.archive.org/web/20250725101756/https://www.youtube.com/s/player/a1f2424c/player_ias.vflset/en_US/embed.js was preloaded using link preload but not used within a few seconds from the window's load event. Please make sure it has an appropriate `as` value and it is preloaded intentionally. @ https://web.archive.org/web/20250725101756if_/https://www.youtube.com/embed/fqeYXZK2aPQ:0
[   16000ms] [LOG] this is a embed for %s fqeYXZK2aPQ @ https://web-static.archive.org/_static/js/bundle-video.js?v=ErsAmzgF:1
[   16998ms] [LOG] this is a embed for %s fqeYXZK2aPQ @ https://web-static.archive.org/_static/js/bundle-video.js?v=ErsAmzgF:1
[   17999ms] [LOG] this is a embed for %s fqeYXZK2aPQ @ https://web-static.archive.org/_static/js/bundle-video.js?v=ErsAmzgF:1
[   18999ms] [LOG] this is a embed for %s fqeYXZK2aPQ @ https://web-static.archive.org/_static/js/bundle-video.js?v=ErsAmzgF:1
[   45122ms] [ERROR] Failed to load resource: the server responded with a status of 404 () @ https://web.archive.org/web/20190706020115/http://web.archive.org/screenshot/http://www.m3allem.ma/service/Plomberie/Casablanca/1.html:0
[   47971ms] [ERROR] Failed to load resource: the server responded with a status of 404 () @ https://web.archive.org/favicon.ico:0
