[   27574ms] [INFO] Slow network is detected. See https://www.chromestatus.com/feature/5636954674692096 for more details. Fallback font will be used while loading: https://web-static.archive.org/_static/fonts/Iconochive-Regular.woff @ https://web-static.archive.org/_static/js/bundle-playback.js?v=2N_sDSC0:1
[   27910ms] Unexpected token '<'
[   27911ms] ReferenceError: addthis is not defined
    at https://web.archive.org/web/20250118044723/https://www.m3allem.ma/:615:3
[   27690ms] [INFO] Slow network is detected. See https://www.chromestatus.com/feature/5636954674692096 for more details. Fallback font will be used while loading: https://web.archive.org/web/20250725100112im_/https://www.m3allem.ma/views/m3allem/css/fonts/MTP_ySUJH_bn48VBG8sNSnhCUOGz7vYGh680lGh-uXM.woff @ https://web.archive.org/web/20250118044723/https://www.m3allem.ma/:0
[   27691ms] [INFO] Slow network is detected. See https://www.chromestatus.com/feature/5636954674692096 for more details. Fallback font will be used while loading: https://web.archive.org/web/20250725100112im_/https://www.m3allem.ma/views/m3allem/css/fonts/cJZKeOuBrn4kERxqtaUH3T8E0i7KZn-EPnyo3HZu7kw.woff @ https://web.archive.org/web/20250118044723/https://www.m3allem.ma/:0
[   28486ms] [ERROR] Failed to load resource: the server responded with a status of 404 () @ https://web.archive.org/web/20250118044723/http://web.archive.org/screenshot/https://www.m3allem.ma/:0
[   28497ms] [ERROR] Failed to load resource: the server responded with a status of 404 () @ https://web.archive.org/web/20250118044723if_/https://www.facebook.com/plugins/likebox.php?href=https%3A%2F%2Fwww.facebook.com%2Fm3allem.ma&width&height=258&colorscheme=dark&show_faces=true&header=false&stream=false&show_border=false&appId=611300792286071:0
[   29946ms] [LOG] this is a embed for %s fqeYXZK2aPQ @ https://web-static.archive.org/_static/js/bundle-video.js?v=ErsAmzgF:1
[   29947ms] [INFO] Slow network is detected. See https://www.chromestatus.com/feature/5636954674692096 for more details. Fallback font will be used while loading: https://web.archive.org/web/20250725101756im_/https://fonts.gstatic.com/s/roboto/v18/KFOmCnqEu92Fr1Mu4mxK.woff2 @ https://web.archive.org/web/20250725101756if_/https://www.youtube.com/embed/fqeYXZK2aPQ:22
[   29947ms] [INFO] Slow network is detected. See https://www.chromestatus.com/feature/5636954674692096 for more details. Fallback font will be used while loading: https://web.archive.org/web/20250725101756im_/https://fonts.gstatic.com/s/roboto/v18/KFOlCnqEu92Fr1MmEU9fBBc4.woff2 @ https://web.archive.org/web/20250725101756if_/https://www.youtube.com/embed/fqeYXZK2aPQ:22
[   30949ms] [LOG] this is a embed for %s fqeYXZK2aPQ @ https://web-static.archive.org/_static/js/bundle-video.js?v=ErsAmzgF:1
[   31947ms] [LOG] this is a embed for %s fqeYXZK2aPQ @ https://web-static.archive.org/_static/js/bundle-video.js?v=ErsAmzgF:1
[   31948ms] [LOG] player el=%o %o JSHandle@node p @ https://web-static.archive.org/_static/js/bundle-video.js?v=ErsAmzgF:1
[   31948ms] [LOG] players=%o [p] @ https://web-static.archive.org/_static/js/bundle-video.js?v=ErsAmzgF:1
[   32947ms] [LOG] this is a embed for %s fqeYXZK2aPQ @ https://web-static.archive.org/_static/js/bundle-video.js?v=ErsAmzgF:1
[   33947ms] [LOG] this is a embed for %s fqeYXZK2aPQ @ https://web-static.archive.org/_static/js/bundle-video.js?v=ErsAmzgF:1
[   34948ms] [LOG] this is a embed for %s fqeYXZK2aPQ @ https://web-static.archive.org/_static/js/bundle-video.js?v=ErsAmzgF:1
[   35948ms] [LOG] this is a embed for %s fqeYXZK2aPQ @ https://web-static.archive.org/_static/js/bundle-video.js?v=ErsAmzgF:1
[   36948ms] [LOG] this is a embed for %s fqeYXZK2aPQ @ https://web-static.archive.org/_static/js/bundle-video.js?v=ErsAmzgF:1
[   37617ms] [LOG] Response:  {formats: Array(0), status_code: 3, status: Attempt to archive failed} @ https://web-static.archive.org/_static/js/bundle-video.js?v=ErsAmzgF:1
[   37617ms] [LOG] Returned from video info server:  {formats: Array(0), status_code: 3, status: Attempt to archive failed} @ https://web-static.archive.org/_static/js/bundle-video.js?v=ErsAmzgF:1
[   37948ms] [LOG] this is a embed for %s fqeYXZK2aPQ @ https://web-static.archive.org/_static/js/bundle-video.js?v=ErsAmzgF:1
[   38353ms] [ERROR] Failed to load resource: the server responded with a status of 404 () @ https://web.archive.org/web/20250725101756///www.youtube.com/api/stats/qoe?cpn=PDP9ynLRpmJ93GPp&el=embedded&ns=yt&fexp=v1%2C24004644%2C131298%2C430745%2C26443548%2C53408%2C34656%2C47716%2C58314%2C18644%2C14869%2C75925%2C26895%2C9252%2C3479%2C4082%2C8948%2C23206%2C15179%2C2%2C20221%2C31597%2C2796%2C13393%2C4414%2C2673%2C3727%2C591%2C5345%2C699%2C65%2C4324%2C2313%2C3083%2C5385%2C1563%2C4095%2C8293%2C840%2C4176%2C1995%2C354%2C2646%2C374%2C134%2C589%2C1671%2C1638%2C1924%2C2038%2C6%2C3485%2C979%2C602%2C1750%2C757%2C532%2C191&cl=786081487&seq=1&event=streamingstats&docid=fqeYXZK2aPQ&cbr=Chrome&cbrver=134.0.0.0&c=WEB_EMBEDDED_PLAYER&cver=1.20250722.00.00&cplayer=UNIPLAYER&cos=Windows&cosver=10.0&cplatform=DESKTOP&vps=0.000:N,0.000:ER&cmt=0.000:0.000,0.000:0.000&error=0.000:auth::0.000:1;a6s.0;r.This_video_is_private&vis=0.000:0&bh=0.000:0.000&qclc=ChBQRFA5eW5MUnBtSjkzR1BwEAE:0
[   38438ms] [ERROR] Failed to load resource: the server responded with a status of 404 () @ https://web.archive.org/web/2oe_/http://wayback-fakeurl.archive.org/yt/fqeYXZK2aPQ:0
[   38438ms] [LOG] %s -> %s /web/2oe_/http://wayback-fakeurl.archive.org/yt/fqeYXZK2aPQ 404 @ https://web-static.archive.org/_static/js/bundle-video.js?v=ErsAmzgF:1
[   38950ms] [LOG] this is a embed for %s fqeYXZK2aPQ @ https://web-static.archive.org/_static/js/bundle-video.js?v=ErsAmzgF:1
[   39948ms] [LOG] this is a embed for %s fqeYXZK2aPQ @ https://web-static.archive.org/_static/js/bundle-video.js?v=ErsAmzgF:1
[   40948ms] [LOG] this is a embed for %s fqeYXZK2aPQ @ https://web-static.archive.org/_static/js/bundle-video.js?v=ErsAmzgF:1
[   41948ms] [LOG] this is a embed for %s fqeYXZK2aPQ @ https://web-static.archive.org/_static/js/bundle-video.js?v=ErsAmzgF:1
[   42948ms] [LOG] this is a embed for %s fqeYXZK2aPQ @ https://web-static.archive.org/_static/js/bundle-video.js?v=ErsAmzgF:1
[   43948ms] [LOG] this is a embed for %s fqeYXZK2aPQ @ https://web-static.archive.org/_static/js/bundle-video.js?v=ErsAmzgF:1
[   44948ms] [LOG] this is a embed for %s fqeYXZK2aPQ @ https://web-static.archive.org/_static/js/bundle-video.js?v=ErsAmzgF:1
[   45948ms] [LOG] this is a embed for %s fqeYXZK2aPQ @ https://web-static.archive.org/_static/js/bundle-video.js?v=ErsAmzgF:1
[   46948ms] [LOG] this is a embed for %s fqeYXZK2aPQ @ https://web-static.archive.org/_static/js/bundle-video.js?v=ErsAmzgF:1
[   47948ms] [LOG] this is a embed for %s fqeYXZK2aPQ @ https://web-static.archive.org/_static/js/bundle-video.js?v=ErsAmzgF:1
[   48948ms] [LOG] this is a embed for %s fqeYXZK2aPQ @ https://web-static.archive.org/_static/js/bundle-video.js?v=ErsAmzgF:1
[   49947ms] [LOG] this is a embed for %s fqeYXZK2aPQ @ https://web-static.archive.org/_static/js/bundle-video.js?v=ErsAmzgF:1
[   50948ms] [LOG] this is a embed for %s fqeYXZK2aPQ @ https://web-static.archive.org/_static/js/bundle-video.js?v=ErsAmzgF:1
[   51947ms] [LOG] this is a embed for %s fqeYXZK2aPQ @ https://web-static.archive.org/_static/js/bundle-video.js?v=ErsAmzgF:1
[   52947ms] [LOG] this is a embed for %s fqeYXZK2aPQ @ https://web-static.archive.org/_static/js/bundle-video.js?v=ErsAmzgF:1
[   53386ms] [WARNING] The resource https://web.archive.org/web/20250725101756/https://www.youtube.com/s/player/a1f2424c/player_ias.vflset/en_US/embed.js was preloaded using link preload but not used within a few seconds from the window's load event. Please make sure it has an appropriate `as` value and it is preloaded intentionally. @ https://web.archive.org/web/20250725101756if_/https://www.youtube.com/embed/fqeYXZK2aPQ:0
[   53948ms] [LOG] this is a embed for %s fqeYXZK2aPQ @ https://web-static.archive.org/_static/js/bundle-video.js?v=ErsAmzgF:1
[   54948ms] [LOG] this is a embed for %s fqeYXZK2aPQ @ https://web-static.archive.org/_static/js/bundle-video.js?v=ErsAmzgF:1
[   55948ms] [LOG] this is a embed for %s fqeYXZK2aPQ @ https://web-static.archive.org/_static/js/bundle-video.js?v=ErsAmzgF:1
[   56948ms] [LOG] this is a embed for %s fqeYXZK2aPQ @ https://web-static.archive.org/_static/js/bundle-video.js?v=ErsAmzgF:1
[   57946ms] [LOG] this is a embed for %s fqeYXZK2aPQ @ https://web-static.archive.org/_static/js/bundle-video.js?v=ErsAmzgF:1
[   58948ms] [LOG] this is a embed for %s fqeYXZK2aPQ @ https://web-static.archive.org/_static/js/bundle-video.js?v=ErsAmzgF:1
[   59947ms] [LOG] this is a embed for %s fqeYXZK2aPQ @ https://web-static.archive.org/_static/js/bundle-video.js?v=ErsAmzgF:1
[   60947ms] [LOG] this is a embed for %s fqeYXZK2aPQ @ https://web-static.archive.org/_static/js/bundle-video.js?v=ErsAmzgF:1
[   61261ms] [WARNING] The resource https://web.archive.org/web/20250725101756/https://www.youtube.com/s/player/a1f2424c/player_ias.vflset/en_US/embed.js was preloaded using link preload but not used within a few seconds from the window's load event. Please make sure it has an appropriate `as` value and it is preloaded intentionally. @ https://web.archive.org/web/20250725101756if_/https://www.youtube.com/embed/fqeYXZK2aPQ:0
[   61947ms] [LOG] this is a embed for %s fqeYXZK2aPQ @ https://web-static.archive.org/_static/js/bundle-video.js?v=ErsAmzgF:1
[   62947ms] [LOG] this is a embed for %s fqeYXZK2aPQ @ https://web-static.archive.org/_static/js/bundle-video.js?v=ErsAmzgF:1
[   63948ms] [LOG] this is a embed for %s fqeYXZK2aPQ @ https://web-static.archive.org/_static/js/bundle-video.js?v=ErsAmzgF:1
